<?xml version="1.0" encoding="UTF-8"?>
<coverage generated="1686143620419" clover="3.2.0">
  <project timestamp="1686143620419" name="All files">
    <metrics statements="23" coveredstatements="20" conditionals="8" coveredconditionals="3" methods="7" coveredmethods="7" elements="38" coveredelements="30" complexity="0" loc="23" ncloc="23" packages="1" files="4" classes="4"/>
    <file name="caesarCipher.js" path="C:\Users\THAPA\Desktop\ODIN\top-TDD-prac\src\caesarCipher.js">
      <metrics statements="11" coveredstatements="8" conditionals="8" coveredconditionals="3" methods="1" coveredmethods="1"/>
      <line num="1" count="1" type="stmt"/>
      <line num="2" count="1" type="stmt"/>
      <line num="3" count="1" type="stmt"/>
      <line num="4" count="1" type="stmt"/>
      <line num="5" count="1" type="cond" truecount="3" falsecount="1"/>
      <line num="6" count="1" type="stmt"/>
      <line num="7" count="0" type="cond" truecount="0" falsecount="4"/>
      <line num="8" count="0" type="stmt"/>
      <line num="10" count="0" type="stmt"/>
      <line num="13" count="1" type="stmt"/>
      <line num="16" count="1" type="stmt"/>
    </file>
    <file name="calculator.js" path="C:\Users\THAPA\Desktop\ODIN\top-TDD-prac\src\calculator.js">
      <metrics statements="6" coveredstatements="6" conditionals="0" coveredconditionals="0" methods="4" coveredmethods="4"/>
      <line num="1" count="1" type="stmt"/>
      <line num="3" count="1" type="stmt"/>
      <line num="7" count="1" type="stmt"/>
      <line num="11" count="3" type="stmt"/>
      <line num="15" count="1" type="stmt"/>
      <line num="19" count="1" type="stmt"/>
    </file>
    <file name="capitalize.js" path="C:\Users\THAPA\Desktop\ODIN\top-TDD-prac\src\capitalize.js">
      <metrics statements="3" coveredstatements="3" conditionals="0" coveredconditionals="0" methods="1" coveredmethods="1"/>
      <line num="1" count="1" type="stmt"/>
      <line num="2" count="2" type="stmt"/>
      <line num="5" count="1" type="stmt"/>
    </file>
    <file name="reverseString.js" path="C:\Users\THAPA\Desktop\ODIN\top-TDD-prac\src\reverseString.js">
      <metrics statements="3" coveredstatements="3" conditionals="0" coveredconditionals="0" methods="1" coveredmethods="1"/>
      <line num="2" count="1" type="stmt"/>
      <line num="3" count="1" type="stmt"/>
      <line num="6" count="1" type="stmt"/>
    </file>
  </project>
</coverage>
