<?xml version="1.0" encoding="UTF-8"?>
<coverage generated="1686145477668" clover="3.2.0">
  <project timestamp="1686145477668" name="All files">
    <metrics statements="25" coveredstatements="25" conditionals="8" coveredconditionals="7" methods="8" coveredmethods="8" elements="41" coveredelements="40" complexity="0" loc="25" ncloc="25" packages="1" files="4" classes="4"/>
    <file name="caesarCipher.js" path="C:\Users\THAPA\Desktop\ODIN\top-TDD-prac\src\caesarCipher.js">
      <metrics statements="13" coveredstatements="13" conditionals="8" coveredconditionals="7" methods="2" coveredmethods="2"/>
      <line num="1" count="1" type="stmt"/>
      <line num="2" count="3" type="stmt"/>
      <line num="3" count="3" type="stmt"/>
      <line num="4" count="3" type="stmt"/>
      <line num="5" count="3" type="stmt"/>
      <line num="6" count="3" type="stmt"/>
      <line num="8" count="3" type="stmt"/>
      <line num="13" count="3" type="cond" truecount="4" falsecount="0"/>
      <line num="14" count="1" type="stmt"/>
      <line num="17" count="2" type="cond" truecount="3" falsecount="1"/>
      <line num="18" count="2" type="stmt"/>
      <line num="20" count="3" type="stmt"/>
      <line num="22" count="1" type="stmt"/>
    </file>
    <file name="calculator.js" path="C:\Users\THAPA\Desktop\ODIN\top-TDD-prac\src\calculator.js">
      <metrics statements="6" coveredstatements="6" conditionals="0" coveredconditionals="0" methods="4" coveredmethods="4"/>
      <line num="1" count="1" type="stmt"/>
      <line num="3" count="1" type="stmt"/>
      <line num="7" count="1" type="stmt"/>
      <line num="11" count="3" type="stmt"/>
      <line num="15" count="1" type="stmt"/>
      <line num="19" count="1" type="stmt"/>
    </file>
    <file name="capitalize.js" path="C:\Users\THAPA\Desktop\ODIN\top-TDD-prac\src\capitalize.js">
      <metrics statements="3" coveredstatements="3" conditionals="0" coveredconditionals="0" methods="1" coveredmethods="1"/>
      <line num="1" count="1" type="stmt"/>
      <line num="2" count="2" type="stmt"/>
      <line num="5" count="1" type="stmt"/>
    </file>
    <file name="reverseString.js" path="C:\Users\THAPA\Desktop\ODIN\top-TDD-prac\src\reverseString.js">
      <metrics statements="3" coveredstatements="3" conditionals="0" coveredconditionals="0" methods="1" coveredmethods="1"/>
      <line num="2" count="1" type="stmt"/>
      <line num="3" count="1" type="stmt"/>
      <line num="6" count="1" type="stmt"/>
    </file>
  </project>
</coverage>
