{"C:\\Users\\THAPA\\Desktop\\ODIN\\top-TDD-prac\\src\\analyzeArray.js": {"path":"C:\\Users\\THAPA\\Desktop\\ODIN\\top-TDD-prac\\src\\analyzeArray.js","statementMap":{"0":{"start":{"line":1,"column":21},"end":{"line":14,"column":1}},"1":{"start":{"line":2,"column":17},"end":{"line":2,"column":27}},"2":{"start":{"line":3,"column":14},"end":{"line":3,"column":76}},"3":{"start":{"line":3,"column":51},"end":{"line":3,"column":72}},"4":{"start":{"line":4,"column":18},"end":{"line":4,"column":30}},"5":{"start":{"line":5,"column":14},"end":{"line":5,"column":30}},"6":{"start":{"line":6,"column":14},"end":{"line":6,"column":30}},"7":{"start":{"line":8,"column":2},"end":{"line":13,"column":4}},"8":{"start":{"line":16,"column":0},"end":{"line":16,"column":30}}},"fnMap":{"0":{"name":"(anonymous_0)","decl":{"start":{"line":1,"column":21},"end":{"line":1,"column":22}},"loc":{"start":{"line":1,"column":28},"end":{"line":14,"column":1}},"line":1},"1":{"name":"(anonymous_1)","decl":{"start":{"line":3,"column":25},"end":{"line":3,"column":26}},"loc":{"start":{"line":3,"column":51},"end":{"line":3,"column":72}},"line":3}},"branchMap":{},"s":{"0":1,"1":2,"2":2,"3":10,"4":2,"5":2,"6":2,"7":2,"8":1},"f":{"0":2,"1":10},"b":{},"_coverageSchema":"1a1c01bbd47fc00a2c39e90264f33305004495a9","hash":"6b32dce0d2516143e598262529dae517443e862a"}
,"C:\\Users\\THAPA\\Desktop\\ODIN\\top-TDD-prac\\src\\caesarCipher.js": {"path":"C:\\Users\\THAPA\\Desktop\\ODIN\\top-TDD-prac\\src\\caesarCipher.js","statementMap":{"0":{"start":{"line":1,"column":21},"end":{"line":9,"column":1}},"1":{"start":{"line":2,"column":16},"end":{"line":2,"column":29}},"2":{"start":{"line":3,"column":2},"end":{"line":7,"column":3}},"3":{"start":{"line":3,"column":15},"end":{"line":3,"column":16}},"4":{"start":{"line":4,"column":15},"end":{"line":4,"column":23}},"5":{"start":{"line":5,"column":4},"end":{"line":5,"column":32}},"6":{"start":{"line":6,"column":4},"end":{"line":6,"column":20}},"7":{"start":{"line":8,"column":2},"end":{"line":8,"column":24}},"8":{"start":{"line":13,"column":2},"end":{"line":19,"column":3}},"9":{"start":{"line":14,"column":4},"end":{"line":14,"column":76}},"10":{"start":{"line":17,"column":7},"end":{"line":19,"column":3}},"11":{"start":{"line":18,"column":4},"end":{"line":18,"column":76}},"12":{"start":{"line":20,"column":2},"end":{"line":20,"column":14}},"13":{"start":{"line":22,"column":0},"end":{"line":22,"column":30}}},"fnMap":{"0":{"name":"(anonymous_0)","decl":{"start":{"line":1,"column":21},"end":{"line":1,"column":22}},"loc":{"start":{"line":1,"column":35},"end":{"line":9,"column":1}},"line":1},"1":{"name":"shiftChar","decl":{"start":{"line":11,"column":9},"end":{"line":11,"column":18}},"loc":{"start":{"line":11,"column":30},"end":{"line":21,"column":1}},"line":11}},"branchMap":{"0":{"loc":{"start":{"line":13,"column":2},"end":{"line":19,"column":3}},"type":"if","locations":[{"start":{"line":13,"column":2},"end":{"line":19,"column":3}},{"start":{"line":17,"column":7},"end":{"line":19,"column":3}}],"line":13},"1":{"loc":{"start":{"line":13,"column":6},"end":{"line":13,"column":32}},"type":"binary-expr","locations":[{"start":{"line":13,"column":6},"end":{"line":13,"column":17}},{"start":{"line":13,"column":21},"end":{"line":13,"column":32}}],"line":13},"2":{"loc":{"start":{"line":17,"column":7},"end":{"line":19,"column":3}},"type":"if","locations":[{"start":{"line":17,"column":7},"end":{"line":19,"column":3}},{"start":{},"end":{}}],"line":17},"3":{"loc":{"start":{"line":17,"column":11},"end":{"line":17,"column":37}},"type":"binary-expr","locations":[{"start":{"line":17,"column":11},"end":{"line":17,"column":22}},{"start":{"line":17,"column":26},"end":{"line":17,"column":37}}],"line":17}},"s":{"0":1,"1":3,"2":3,"3":3,"4":22,"5":22,"6":22,"7":3,"8":22,"9":2,"10":20,"11":19,"12":22,"13":1},"f":{"0":3,"1":22},"b":{"0":[2,20],"1":[22,21],"2":[19,1],"3":[20,19]},"_coverageSchema":"1a1c01bbd47fc00a2c39e90264f33305004495a9","hash":"7fcdde17017138177dea8edce16bd083c037d9c2"}
,"C:\\Users\\THAPA\\Desktop\\ODIN\\top-TDD-prac\\src\\calculator.js": {"path":"C:\\Users\\THAPA\\Desktop\\ODIN\\top-TDD-prac\\src\\calculator.js","statementMap":{"0":{"start":{"line":1,"column":19},"end":{"line":17,"column":1}},"1":{"start":{"line":3,"column":4},"end":{"line":3,"column":23}},"2":{"start":{"line":7,"column":4},"end":{"line":7,"column":23}},"3":{"start":{"line":11,"column":4},"end":{"line":11,"column":23}},"4":{"start":{"line":15,"column":4},"end":{"line":15,"column":23}},"5":{"start":{"line":19,"column":0},"end":{"line":19,"column":28}}},"fnMap":{"0":{"name":"(anonymous_0)","decl":{"start":{"line":2,"column":2},"end":{"line":2,"column":3}},"loc":{"start":{"line":2,"column":18},"end":{"line":4,"column":3}},"line":2},"1":{"name":"(anonymous_1)","decl":{"start":{"line":6,"column":2},"end":{"line":6,"column":3}},"loc":{"start":{"line":6,"column":24},"end":{"line":8,"column":3}},"line":6},"2":{"name":"(anonymous_2)","decl":{"start":{"line":10,"column":2},"end":{"line":10,"column":3}},"loc":{"start":{"line":10,"column":21},"end":{"line":12,"column":3}},"line":10},"3":{"name":"(anonymous_3)","decl":{"start":{"line":14,"column":2},"end":{"line":14,"column":3}},"loc":{"start":{"line":14,"column":23},"end":{"line":16,"column":3}},"line":14}},"branchMap":{},"s":{"0":1,"1":1,"2":1,"3":3,"4":1,"5":1},"f":{"0":1,"1":1,"2":3,"3":1},"b":{},"_coverageSchema":"1a1c01bbd47fc00a2c39e90264f33305004495a9","hash":"2b95c6182fb63b56eb065455da3c4b28c796ba08"}
,"C:\\Users\\THAPA\\Desktop\\ODIN\\top-TDD-prac\\src\\capitalize.js": {"path":"C:\\Users\\THAPA\\Desktop\\ODIN\\top-TDD-prac\\src\\capitalize.js","statementMap":{"0":{"start":{"line":1,"column":19},"end":{"line":3,"column":1}},"1":{"start":{"line":2,"column":2},"end":{"line":2,"column":52}},"2":{"start":{"line":5,"column":0},"end":{"line":5,"column":28}}},"fnMap":{"0":{"name":"(anonymous_0)","decl":{"start":{"line":1,"column":19},"end":{"line":1,"column":20}},"loc":{"start":{"line":1,"column":26},"end":{"line":3,"column":1}},"line":1}},"branchMap":{},"s":{"0":1,"1":2,"2":1},"f":{"0":2},"b":{},"_coverageSchema":"1a1c01bbd47fc00a2c39e90264f33305004495a9","hash":"69e435c91a3476fcb73676705ed6822966d772fa"}
,"C:\\Users\\THAPA\\Desktop\\ODIN\\top-TDD-prac\\src\\reverseString.js": {"path":"C:\\Users\\THAPA\\Desktop\\ODIN\\top-TDD-prac\\src\\reverseString.js","statementMap":{"0":{"start":{"line":2,"column":22},"end":{"line":4,"column":1}},"1":{"start":{"line":3,"column":2},"end":{"line":3,"column":42}},"2":{"start":{"line":6,"column":0},"end":{"line":6,"column":31}}},"fnMap":{"0":{"name":"(anonymous_0)","decl":{"start":{"line":2,"column":22},"end":{"line":2,"column":23}},"loc":{"start":{"line":2,"column":37},"end":{"line":4,"column":1}},"line":2}},"branchMap":{},"s":{"0":1,"1":1,"2":1},"f":{"0":1},"b":{},"_coverageSchema":"1a1c01bbd47fc00a2c39e90264f33305004495a9","hash":"8817997c2c340500c3b51cff0cb6a3fdfb3d04fe"}
}
