{"C:\\Users\\THAPA\\Desktop\\ODIN\\top-TDD-prac\\src\\calculator.js": {"path":"C:\\Users\\THAPA\\Desktop\\ODIN\\top-TDD-prac\\src\\calculator.js","statementMap":{"0":{"start":{"line":1,"column":19},"end":{"line":17,"column":1}},"1":{"start":{"line":3,"column":4},"end":{"line":3,"column":23}},"2":{"start":{"line":7,"column":4},"end":{"line":7,"column":23}},"3":{"start":{"line":11,"column":4},"end":{"line":11,"column":23}},"4":{"start":{"line":15,"column":4},"end":{"line":15,"column":23}},"5":{"start":{"line":19,"column":0},"end":{"line":19,"column":28}}},"fnMap":{"0":{"name":"(anonymous_0)","decl":{"start":{"line":2,"column":2},"end":{"line":2,"column":3}},"loc":{"start":{"line":2,"column":18},"end":{"line":4,"column":3}},"line":2},"1":{"name":"(anonymous_1)","decl":{"start":{"line":6,"column":2},"end":{"line":6,"column":3}},"loc":{"start":{"line":6,"column":24},"end":{"line":8,"column":3}},"line":6},"2":{"name":"(anonymous_2)","decl":{"start":{"line":10,"column":2},"end":{"line":10,"column":3}},"loc":{"start":{"line":10,"column":21},"end":{"line":12,"column":3}},"line":10},"3":{"name":"(anonymous_3)","decl":{"start":{"line":14,"column":2},"end":{"line":14,"column":3}},"loc":{"start":{"line":14,"column":23},"end":{"line":16,"column":3}},"line":14}},"branchMap":{},"s":{"0":1,"1":1,"2":1,"3":3,"4":1,"5":1},"f":{"0":1,"1":1,"2":3,"3":1},"b":{},"_coverageSchema":"1a1c01bbd47fc00a2c39e90264f33305004495a9","hash":"2b95c6182fb63b56eb065455da3c4b28c796ba08"}
,"C:\\Users\\THAPA\\Desktop\\ODIN\\top-TDD-prac\\src\\capitalize.js": {"path":"C:\\Users\\THAPA\\Desktop\\ODIN\\top-TDD-prac\\src\\capitalize.js","statementMap":{"0":{"start":{"line":2,"column":2},"end":{"line":2,"column":52}},"1":{"start":{"line":5,"column":0},"end":{"line":5,"column":28}}},"fnMap":{"0":{"name":"capitalize","decl":{"start":{"line":1,"column":9},"end":{"line":1,"column":19}},"loc":{"start":{"line":1,"column":25},"end":{"line":3,"column":1}},"line":1}},"branchMap":{},"s":{"0":2,"1":1},"f":{"0":2},"b":{},"_coverageSchema":"1a1c01bbd47fc00a2c39e90264f33305004495a9","hash":"c71f0443880e27e02798793b18a192a31d3c8f36"}
,"C:\\Users\\THAPA\\Desktop\\ODIN\\top-TDD-prac\\src\\reverseString.js": {"path":"C:\\Users\\THAPA\\Desktop\\ODIN\\top-TDD-prac\\src\\reverseString.js","statementMap":{"0":{"start":{"line":2,"column":22},"end":{"line":4,"column":1}},"1":{"start":{"line":3,"column":2},"end":{"line":3,"column":42}},"2":{"start":{"line":6,"column":0},"end":{"line":6,"column":31}}},"fnMap":{"0":{"name":"(anonymous_0)","decl":{"start":{"line":2,"column":22},"end":{"line":2,"column":23}},"loc":{"start":{"line":2,"column":37},"end":{"line":4,"column":1}},"line":2}},"branchMap":{},"s":{"0":1,"1":1,"2":1},"f":{"0":1},"b":{},"_coverageSchema":"1a1c01bbd47fc00a2c39e90264f33305004495a9","hash":"8817997c2c340500c3b51cff0cb6a3fdfb3d04fe"}
}
