TN:
SF:src\analyzeArray.js
FN:1,(anonymous_0)
FN:3,(anonymous_1)
FNF:2
FNH:2
FNDA:2,(anonymous_0)
FNDA:10,(anonymous_1)
DA:1,1
DA:2,2
DA:3,10
DA:4,2
DA:5,2
DA:6,2
DA:8,2
DA:16,1
LF:8
LH:8
BRF:0
BRH:0
end_of_record
TN:
SF:src\caesarCipher.js
FN:1,(anonymous_0)
FN:11,shiftChar
FNF:2
FNH:2
FNDA:3,(anonymous_0)
FNDA:22,shiftChar
DA:1,1
DA:2,3
DA:3,3
DA:4,22
DA:5,22
DA:6,22
DA:8,3
DA:13,22
DA:14,2
DA:17,20
DA:18,19
DA:20,22
DA:22,1
LF:13
LH:13
BRDA:13,0,0,2
BRDA:13,0,1,20
BRDA:13,1,0,22
BRDA:13,1,1,21
BRDA:17,2,0,19
BRDA:17,2,1,1
BRDA:17,3,0,20
BRDA:17,3,1,19
BRF:8
BRH:8
end_of_record
TN:
SF:src\calculator.js
FN:2,(anonymous_0)
FN:6,(anonymous_1)
FN:10,(anonymous_2)
FN:14,(anonymous_3)
FNF:4
FNH:4
FNDA:1,(anonymous_0)
FNDA:1,(anonymous_1)
FNDA:3,(anonymous_2)
FNDA:1,(anonymous_3)
DA:1,1
DA:3,1
DA:7,1
DA:11,3
DA:15,1
DA:19,1
LF:6
LH:6
BRF:0
BRH:0
end_of_record
TN:
SF:src\capitalize.js
FN:1,(anonymous_0)
FNF:1
FNH:1
FNDA:2,(anonymous_0)
DA:1,1
DA:2,2
DA:5,1
LF:3
LH:3
BRF:0
BRH:0
end_of_record
TN:
SF:src\reverseString.js
FN:2,(anonymous_0)
FNF:1
FNH:1
FNDA:1,(anonymous_0)
DA:2,1
DA:3,1
DA:6,1
LF:3
LH:3
BRF:0
BRH:0
end_of_record
